<?xml version="1.0" encoding="UTF-8"?>
<!-- Generated by org.testng.reporters.JUnitReportReporter -->
<testsuite hostname="IN-PG02P5ZH" failures="0" tests="1" name="ApiTests.PostAPITests" time="0.341" errors="0" timestamp="2023-06-27T21:54:49 IST" skipped="0">
  <testcase classname="ApiTests.PostAPITests" name="validPostAPITest" time="0.341"/>
  <system-out/>
</testsuite> <!-- ApiTests.PostAPITests -->
