<?xml version="1.0" encoding="UTF-8"?>
<!-- Generated by org.testng.reporters.JUnitReportReporter -->
<testsuite hostname="IN-PG02P5ZH" failures="0" tests="1" name="restAssuredTests.checkWeatherApiGetRequest1" time="1.798" errors="0" timestamp="2023-06-21T22:00:39 IST" skipped="0">
  <testcase classname="restAssuredTests.checkWeatherApiGetRequest1" name="getWeatherDetails" time="1.798"/>
  <system-out/>
</testsuite> <!-- restAssuredTests.checkWeatherApiGetRequest1 -->
