<?xml version="1.0" encoding="UTF-8"?>
<!-- Generated by org.testng.reporters.JUnitReportReporter -->
<testsuite hostname="IN-PG02P5ZH" failures="0" tests="1" name="restAssuredTests.ReqresApiGetRequest1" time="1.939" errors="0" timestamp="2023-06-24T23:27:34 IST" skipped="0">
  <testcase classname="restAssuredTests.ReqresApiGetRequest1" name="getWeatherDetails" time="1.939"/>
  <system-out/>
</testsuite> <!-- restAssuredTests.ReqresApiGetRequest1 -->
