<?xml version="1.0" encoding="UTF-8"?>
<!-- Generated by org.testng.reporters.JUnitReportReporter -->
<testsuite hostname="IN-PG02P5ZH" failures="0" tests="1" name="ApiTests.SerializiationTests" time="1.121" errors="0" timestamp="2023-06-29T19:39:55 IST" skipped="0">
  <testcase classname="ApiTests.SerializiationTests" name="SerTest" time="1.121"/>
  <system-out/>
</testsuite> <!-- ApiTests.SerializiationTests -->
