<?xml version="1.0" encoding="UTF-8"?>
<!-- Generated by org.testng.reporters.JUnitReportReporter -->
<testsuite hostname="IN-PG02P5ZH" failures="0" tests="1" name="ApiTests.GetAPItests" time="0.840" errors="0" timestamp="2023-06-27T21:54:49 IST" skipped="0">
  <testcase classname="ApiTests.GetAPItests" name="getAPITest" time="0.840"/>
  <system-out/>
</testsuite> <!-- ApiTests.GetAPItests -->
