<?xml version="1.0" encoding="UTF-8"?>
<!-- Generated by org.testng.reporters.JUnitReportReporter -->
<testsuite hostname="IN-PG02P5ZH" failures="0" tests="1" name="restAssuredTests.reqresApiPostRequest" time="1.782" errors="0" timestamp="2023-06-22T20:29:44 IST" skipped="0">
  <testcase classname="restAssuredTests.reqresApiPostRequest" name="testPost" time="1.782"/>
  <system-out/>
</testsuite> <!-- restAssuredTests.reqresApiPostRequest -->
